<?xml version="1.0" encoding="UTF-8"?>
<testsuite xmlns:xsi="http://www.w3.org/2001/XMLSchema-instance" xsi:noNamespaceSchemaLocation="https://maven.apache.org/surefire/maven-surefire-plugin/xsd/surefire-test-report-3.0.xsd" version="3.0" name="geocoding.AddressResolverTest" time="0.81" tests="2" errors="0" skipped="0" failures="0">
  <properties>
[...]
</properties>
  <testcase name="whenBadCoordidates_thenReturnNoValidAddress" classname="geocoding.AddressResolverTest" time="0.774">
    <system-err><![CDATA[fev 28, 2024 12:01:40 DA MANHÃ geocoding.AddressResolverService findAddressForLocation
INFO: {
  "info": {
    "statuscode": 400,
    "messages": [
      "Illegal argument from request: Invalid LatLng specified."
    ]
  },
  "options": {
    "maxResults": 1,
    "ignoreLatLngInput": false
  },
  "results": [
    {
      "providedLocation": {},
      "locations": []
    }
  ]
}
]]></system-err>
  </testcase>
  <testcase name="whenResolveDetiGps_returnJacintoMagalhaeAddress" classname="geocoding.AddressResolverTest" time="0.007">
    <system-err><![CDATA[fev 28, 2024 12:01:40 DA MANHÃ geocoding.AddressResolverService findAddressForLocation
INFO: {"results": [
    {
      "providedLocation": {
        "latLng": {
          "lat": 40.63436,
          "lng": -8.65616
        }
      },
      "locations": [
        {
          "street": "Avenida da Universidade",
          "adminArea6": "Aveiro",
          "adminArea6Type": "Neighborhood",
          "adminArea5": "Aveiro",
          "adminArea5Type": "City",
          "adminArea4": "Aveiro",
          "adminArea4Type": "County",
          "adminArea3": "",
          "adminArea3Type": "State",
          "adminArea1": "PT",
          "adminArea1Type": "Country",
          "postalCode": "3810-489",
          "geocodeQualityCode": "B1AAA",
          "geocodeQuality": "STREET",
          "dragPoint": false,
          "sideOfStreet": "L",
          "linkId": "0",
          "unknownInput": "",
          "type": "s",
          "latLng": {
            "lat": 40.63437,
            "lng": -8.65625
          },
          "displayLatLng": {
            "lat": 40.63437,
            "lng": -8.65625
          },
          "mapUrl": ""
        }
      ]
    }
  ] }
]]></system-err>
  </testcase>
</testsuite>