<?xml version="1.0" encoding="UTF-8"?>
<testsuite xmlns:xsi="http://www.w3.org/2001/XMLSchema-instance" xsi:noNamespaceSchemaLocation="https://maven.apache.org/surefire/maven-surefire-plugin/xsd/surefire-test-report-3.0.xsd" version="3.0" name="com.example.CucumberTest" time="0.204" tests="4" errors="0" skipped="0" failures="0">
  <properties>
[...]
</properties>
  <testcase name="Search books by publication year" classname="Book search" time="0.107">
    <system-out><![CDATA[
Scenario: Search books by publication year                                         &amp#27;[90m# com/example/book.feature:4&amp#27;[0m
  &amp#27;[32mGiven &amp#27;[0m&amp#27;[32mI have the following books in the store&amp#27;[0m                                    &amp#27;[90m# com.example.BookSearchSteps.setup(io.cucumber.datatable.DataTable)&amp#27;[0m
    | title              | author          | published  |
    | One good book      | Anonymous       | 2013-03-14 |
    | Some other book    | Tim Tomson      | 2014-08-23 |
    | How to cook a dino | Fred Flintstone | 2012-01-01 |
18:27:03.985 [main] INFO com.example.BookSearchSteps -- Searching for books published between 2011-12-31 and 2014-01-01
2013-03-14 2011-12-31 2014-01-01
true true
2014-08-23 2011-12-31 2014-01-01
true false
2012-01-01 2011-12-31 2014-01-01
true true
  &amp#27;[32mWhen &amp#27;[0m&amp#27;[32mthe customer searches for books published between &amp#27;[0m&amp#27;[32m&amp#27;[1m2011-12-31&amp#27;[0m&amp#27;[32m and &amp#27;[0m&amp#27;[32m&amp#27;[1m2014-01-01&amp#27;[0m &amp#27;[90m# com.example.BookSearchSteps.searchBooksByYear(java.time.LocalDate,java.time.LocalDate)&amp#27;[0m
  &amp#27;[32mThen &amp#27;[0m&amp#27;[32m&amp#27;[0m&amp#27;[32m&amp#27;[1m2&amp#27;[0m&amp#27;[32m books should have been found&amp#27;[0m                                              &amp#27;[90m# com.example.BookSearchSteps.verifyResultSize(int)&amp#27;[0m
]]></system-out>
  </testcase>
  <testcase name="Search books by title" classname="Book search" time="0.007">
    <system-out><![CDATA[
Scenario: Search books by title                                       &amp#27;[90m# com/example/book.feature:13&amp#27;[0m
  &amp#27;[32mGiven &amp#27;[0m&amp#27;[32mI have the following books in the store&amp#27;[0m                       &amp#27;[90m# com.example.BookSearchSteps.setup(io.cucumber.datatable.DataTable)&amp#27;[0m
    | title              | author          | published  |
    | One good book      | Anonymous       | 2013-03-14 |
    | Some other book    | Tim Tomson      | 2014-08-23 |
    | How to cook a dino | Fred Flintstone | 2012-01-01 |
18:27:04.000 [main] INFO com.example.BookSearchSteps -- Searching for books with the title One good book
  &amp#27;[32mWhen &amp#27;[0m&amp#27;[32mthe customer searches for books with the title &amp#27;[0m&amp#27;[32m&amp#27;[1m'One good book'&amp#27;[0m &amp#27;[90m# com.example.BookSearchSteps.searchBooksByTitle(java.lang.String)&amp#27;[0m
  &amp#27;[32mThen &amp#27;[0m&amp#27;[32m&amp#27;[0m&amp#27;[32m&amp#27;[1m1&amp#27;[0m&amp#27;[32m books should have been found&amp#27;[0m                                 &amp#27;[90m# com.example.BookSearchSteps.verifyResultSize(int)&amp#27;[0m
]]></system-out>
  </testcase>
  <testcase name="Search books by Author" classname="Book search" time="0.007">
    <system-out><![CDATA[
Scenario: Search books by Author                               &amp#27;[90m# com/example/book.feature:22&amp#27;[0m
  &amp#27;[32mGiven &amp#27;[0m&amp#27;[32mI have the following books in the store&amp#27;[0m                &amp#27;[90m# com.example.BookSearchSteps.setup(io.cucumber.datatable.DataTable)&amp#27;[0m
    | title              | author          | published  |
    | One good book      | Anonymous       | 2013-03-14 |
    | Some other book    | Tim Tomson      | 2014-08-23 |
    | How to cook a dino | Fred Flintstone | 2012-01-01 |
18:27:04.008 [main] INFO com.example.BookSearchSteps -- Searching for books written by Tim Tomson
  &amp#27;[32mWhen &amp#27;[0m&amp#27;[32mthe customer searches for books written by &amp#27;[0m&amp#27;[32m&amp#27;[1m'Tim Tomson'&amp#27;[0m &amp#27;[90m# com.example.BookSearchSteps.searchBooksByAuthor(java.lang.String)&amp#27;[0m
  &amp#27;[32mThen &amp#27;[0m&amp#27;[32m&amp#27;[0m&amp#27;[32m&amp#27;[1m1&amp#27;[0m&amp#27;[32m books should have been found&amp#27;[0m                          &amp#27;[90m# com.example.BookSearchSteps.verifyResultSize(int)&amp#27;[0m
]]></system-out>
  </testcase>
  <testcase name="No books found" classname="Book search" time="0.006">
    <system-out><![CDATA[
Scenario: No books found                                   &amp#27;[90m# com/example/book.feature:31&amp#27;[0m
  &amp#27;[32mGiven &amp#27;[0m&amp#27;[32mI have the following books in the store&amp#27;[0m            &amp#27;[90m# com.example.BookSearchSteps.setup(io.cucumber.datatable.DataTable)&amp#27;[0m
    | title              | author          | published  |
    | One good book      | Anonymous       | 2013-03-14 |
    | Some other book    | Tim Tomson      | 2014-08-23 |
    | How to cook a dino | Fred Flintstone | 2012-01-01 |
18:27:04.015 [main] INFO com.example.BookSearchSteps -- Searching for books written by Darwin
  &amp#27;[32mWhen &amp#27;[0m&amp#27;[32mthe customer searches for books written by &amp#27;[0m&amp#27;[32m&amp#27;[1m'Darwin'&amp#27;[0m &amp#27;[90m# com.example.BookSearchSteps.searchBooksByAuthor(java.lang.String)&amp#27;[0m
  &amp#27;[32mThen &amp#27;[0m&amp#27;[32m&amp#27;[0m&amp#27;[32m&amp#27;[1m0&amp#27;[0m&amp#27;[32m books should have been found&amp#27;[0m                      &amp#27;[90m# com.example.BookSearchSteps.verifyResultSize(int)&amp#27;[0m
]]></system-out>
  </testcase>
</testsuite>