<?xml version="1.0" encoding="UTF-8"?>
<testsuite xmlns:xsi="http://www.w3.org/2001/XMLSchema-instance" xsi:noNamespaceSchemaLocation="https://maven.apache.org/surefire/maven-surefire-plugin/xsd/surefire-test-report-3.0.xsd" version="3.0" name="com.example.CucumberTest" time="3.722" tests="1" errors="0" skipped="0" failures="0">
  <properties>
[...]
</properties>
  <testcase name="Flight Booking from Paris to Rome" classname="BlazeDemo" time="3.647">
    <system-out><![CDATA[
Scenario: Flight Booking from Paris to Rome                                   &amp#27;[90m# com/example/blaze.feature:3&amp#27;[0m
  &amp#27;[32mGiven &amp#27;[0m&amp#27;[32mI navigate to &amp#27;[0m&amp#27;[32m&amp#27;[1m"https://blazedemo.com/"&amp#27;[0m                                &amp#27;[90m# com.example.BlazeStepsWeb.BeOnWebsite(java.lang.String)&amp#27;[0m
  &amp#27;[32mWhen &amp#27;[0m&amp#27;[32mI select &amp#27;[0m&amp#27;[32m&amp#27;[1m"Paris"&amp#27;[0m&amp#27;[32m for my departure City&amp#27;[0m                                 &amp#27;[90m# com.example.BlazeStepsWeb.selectFrom(java.lang.String)&amp#27;[0m
  &amp#27;[32mAnd &amp#27;[0m&amp#27;[32mI select &amp#27;[0m&amp#27;[32m&amp#27;[1m"Rome"&amp#27;[0m&amp#27;[32m for my destination City&amp#27;[0m                                 &amp#27;[90m# com.example.BlazeStepsWeb.selectTo(java.lang.String)&amp#27;[0m
  &amp#27;[32mAnd &amp#27;[0m&amp#27;[32mI click &amp#27;[0m&amp#27;[32m&amp#27;[1m"Find Flights"&amp#27;[0m                                                  &amp#27;[90m# com.example.BlazeStepsWeb.click(java.lang.String)&amp#27;[0m
  &amp#27;[32mThen &amp#27;[0m&amp#27;[32mI should be redirected to the page with title &amp#27;[0m&amp#27;[32m&amp#27;[1m"BlazeDemo - reserve"&amp#27;[0m    &amp#27;[90m# com.example.BlazeStepsWeb.reservepage(java.lang.String)&amp#27;[0m
  &amp#27;[32mWhen &amp#27;[0m&amp#27;[32mI click &amp#27;[0m&amp#27;[32m&amp#27;[1m"Choose This Flight"&amp#27;[0m                                           &amp#27;[90m# com.example.BlazeStepsWeb.click(java.lang.String)&amp#27;[0m
  &amp#27;[32mThen &amp#27;[0m&amp#27;[32mI should be redirected to the page with title &amp#27;[0m&amp#27;[32m&amp#27;[1m"BlazeDemo Purchase"&amp#27;[0m     &amp#27;[90m# com.example.BlazeStepsWeb.reservepage(java.lang.String)&amp#27;[0m
  &amp#27;[32mAnd &amp#27;[0m&amp#27;[32mI enter my Name &amp#27;[0m&amp#27;[32m&amp#27;[1m"Miguel Miragaia"&amp#27;[0m                                       &amp#27;[90m# com.example.BlazeStepsWeb.enterName(java.lang.String)&amp#27;[0m
  &amp#27;[32mAnd &amp#27;[0m&amp#27;[32mI enter my Address &amp#27;[0m&amp#27;[32m&amp#27;[1m"123 Main St."&amp#27;[0m                                       &amp#27;[90m# com.example.BlazeStepsWeb.enterAddress(java.lang.String)&amp#27;[0m
  &amp#27;[32mAnd &amp#27;[0m&amp#27;[32mI enter my City &amp#27;[0m&amp#27;[32m&amp#27;[1m"Viseu"&amp#27;[0m                                                 &amp#27;[90m# com.example.BlazeStepsWeb.enterCity(java.lang.String)&amp#27;[0m
  &amp#27;[32mAnd &amp#27;[0m&amp#27;[32mI enter my State &amp#27;[0m&amp#27;[32m&amp#27;[1m"Viseu"&amp#27;[0m                                                &amp#27;[90m# com.example.BlazeStepsWeb.enterState(java.lang.String)&amp#27;[0m
  &amp#27;[32mAnd &amp#27;[0m&amp#27;[32mI enter my Zip Code &amp#27;[0m&amp#27;[32m&amp#27;[1m3515123&amp#27;[0m                                             &amp#27;[90m# com.example.BlazeStepsWeb.enterZip(java.lang.Integer)&amp#27;[0m
  &amp#27;[32mAnd &amp#27;[0m&amp#27;[32mI enter my Credit Card Number &amp#27;[0m&amp#27;[32m&amp#27;[1m010101&amp#27;[0m                                    &amp#27;[90m# com.example.BlazeStepsWeb.enterCard(java.lang.Integer)&amp#27;[0m
  &amp#27;[32mAnd &amp#27;[0m&amp#27;[32mI enter my Name on Card &amp#27;[0m&amp#27;[32m&amp#27;[1m"Miguel Miragaia"&amp#27;[0m                               &amp#27;[90m# com.example.BlazeStepsWeb.enterNameCard(java.lang.String)&amp#27;[0m
  &amp#27;[32mAnd &amp#27;[0m&amp#27;[32mI click &amp#27;[0m&amp#27;[32m&amp#27;[1m"Purchase Flight"&amp#27;[0m                                               &amp#27;[90m# com.example.BlazeStepsWeb.click(java.lang.String)&amp#27;[0m
  &amp#27;[32mThen &amp#27;[0m&amp#27;[32mI should be redirected to the page with title &amp#27;[0m&amp#27;[32m&amp#27;[1m"BlazeDemo Confirmation"&amp#27;[0m &amp#27;[90m# com.example.BlazeStepsWeb.reservepage(java.lang.String)&amp#27;[0m
]]></system-out>
  </testcase>
</testsuite>